<?xml version="1.0" encoding="UTF-8"?>
<!-- Generated by org.testng.reporters.JUnitXMLReporter -->
<testsuite ignored="0" hostname="L-ATE-51HYQV3" failures="0" tests="2" name="Surefire test" time="24.016" errors="0" timestamp="2024-04-12T14:58:46 MESZ">
  <testcase classname="io.cucumber.testng.AbstractTestNGCucumberTests" name="runScenario" time="11.447"/>
  <testcase classname="io.cucumber.testng.AbstractTestNGCucumberTests" name="runScenario" time="11.926"/>
</testsuite> <!-- Surefire test -->
